<?xml version="1.0" encoding="UTF-8"?>
<testng-results skipped="0" failed="0" ignored="0" total="1" passed="1">
  <reporter-output>
  </reporter-output>
  <suite name="Default suite" duration-ms="53984" started-at="2019-03-05T11:04:14Z" finished-at="2019-03-05T11:05:08Z">
    <groups>
    </groups>
    <test name="Default test" duration-ms="53984" started-at="2019-03-05T11:04:14Z" finished-at="2019-03-05T11:05:08Z">
      <class name="tests.PIM">
        <test-method status="PASS" signature="beforeSuit(java.lang.String)[pri:0, instance:tests.PIM@15975490]" name="beforeSuit" is-config="true" duration-ms="24" started-at="2019-03-05T11:04:14Z" finished-at="2019-03-05T11:04:14Z">
          <params>
            <param index="0">
              <value is-null="true"/>
            </param>
          </params>
          <reporter-output>
          </reporter-output>
        </test-method> <!-- beforeSuit -->
        <test-method status="PASS" signature="initiateReport(org.testng.ITestContext)[pri:0, instance:tests.PIM@15975490]" name="initiateReport" is-config="true" duration-ms="209" started-at="2019-03-05T11:04:14Z" finished-at="2019-03-05T11:04:14Z">
          <params>
            <param index="0">
              <value>
                <![CDATA[org.testng.TestRunner@6d1ef78d]]>
              </value>
            </param>
          </params>
          <reporter-output>
          </reporter-output>
        </test-method> <!-- initiateReport -->
        <test-method status="PASS" signature="closeBrowsers()[pri:0, instance:tests.PIM@15975490]" name="closeBrowsers" is-config="true" duration-ms="4" started-at="2019-03-05T11:04:14Z" finished-at="2019-03-05T11:04:14Z">
          <reporter-output>
          </reporter-output>
        </test-method> <!-- closeBrowsers -->
        <test-method status="PASS" signature="createEmployee(java.lang.String)[pri:0, instance:tests.PIM@15975490]" name="createEmployee" duration-ms="52918" started-at="2019-03-05T11:04:14Z" finished-at="2019-03-05T11:05:07Z">
          <params>
            <param index="0">
              <value is-null="true"/>
            </param>
          </params>
          <reporter-output>
          </reporter-output>
        </test-method> <!-- createEmployee -->
        <test-method status="PASS" signature="afterTest(org.testng.ITestContext)[pri:0, instance:tests.PIM@15975490]" name="afterTest" is-config="true" duration-ms="833" started-at="2019-03-05T11:05:07Z" finished-at="2019-03-05T11:05:08Z">
          <params>
            <param index="0">
              <value>
                <![CDATA[org.testng.TestRunner@6d1ef78d]]>
              </value>
            </param>
          </params>
          <reporter-output>
          </reporter-output>
        </test-method> <!-- afterTest -->
      </class> <!-- tests.PIM -->
    </test> <!-- Default test -->
  </suite> <!-- Default suite -->
</testng-results>
